<?xml version="1.0" encoding="UTF-8"?>
<!-- Generated by org.testng.reporters.JUnitReportReporter -->
<testsuite hostname="LAPTOP-34RV87CD" failures="0" tests="4" name="WorldLine.Assessment4.CalcTest" time="0.027" errors="0" timestamp="2024-04-01T19:24:29 IST" skipped="0">
  <testcase classname="WorldLine.Assessment4.CalcTest" name="subTest" time="0.003"/>
  <testcase classname="WorldLine.Assessment4.CalcTest" name="addTest" time="0.020"/>
  <testcase classname="WorldLine.Assessment4.CalcTest" name="divTest" time="0.002"/>
  <testcase classname="WorldLine.Assessment4.CalcTest" name="mulTest" time="0.002"/>
</testsuite> <!-- WorldLine.Assessment4.CalcTest -->
